[ 2017-11-21T19:29:26+08:00 ] 127.0.0.1 /thinkphp_3.2.3_full/
INFO: [ app_init ] --START--
INFO: Run Behavior\BuildLiteBehavior [ RunTime:0.000032s ]
INFO: [ app_init ] --END-- [ RunTime:0.052189s ]
INFO: [ app_begin ] --START--
INFO: Run Behavior\ReadHtmlCacheBehavior [ RunTime:0.045320s ]
INFO: [ app_begin ] --END-- [ RunTime:0.045791s ]
NOTIC: [2] Missing argument 1 for Think\Controller::show(), called in D:\OVERSTUDY\apache\htdocs\thinkphp_3.2.3_full\Application\Home\Controller\IndexController.class.php on line 6 and defined D:\OVERSTUDY\apache\htdocs\thinkphp_3.2.3_full\ThinkPHP\Library\Think\Controller.class.php 第 68 行.
NOTIC: [8] Undefined variable: content D:\OVERSTUDY\apache\htdocs\thinkphp_3.2.3_full\ThinkPHP\Library\Think\Controller.class.php 第 69 行.
INFO: [ view_parse ] --START--
INFO: [ template_filter ] --START--
INFO: Run Behavior\ContentReplaceBehavior [ RunTime:0.000037s ]
INFO: [ template_filter ] --END-- [ RunTime:0.000098s ]
INFO: Run Behavior\ParseTemplateBehavior [ RunTime:0.120844s ]
INFO: [ view_parse ] --END-- [ RunTime:0.120956s ]
INFO: [ view_filter ] --START--
INFO: Run Behavior\WriteHtmlCacheBehavior [ RunTime:0.013504s ]
INFO: [ view_filter ] --END-- [ RunTime:0.013565s ]
INFO: [ app_end ] --START--
INFO: Run Behavior\ShowPageTraceBehavior [ RunTime:0.010126s ]
INFO: [ app_end ] --END-- [ RunTime:0.010189s ]

