[ 2017-11-23T14:57:43+08:00 ] 127.0.0.1 /thinkphp_3.2.3_full/
INFO: [ app_init ] --START--
INFO: Run Behavior\BuildLiteBehavior [ RunTime:0.000019s ]
INFO: [ app_init ] --END-- [ RunTime:0.014391s ]
INFO: [ app_begin ] --START--
INFO: Run Behavior\ReadHtmlCacheBehavior [ RunTime:0.020524s ]
INFO: [ app_begin ] --END-- [ RunTime:0.020599s ]
NOTIC: [2] Missing argument 1 for Think\Controller::show(), called in D:\OVERSTUDY\apache\htdocs\thinkphp_3.2.3_full\Application\Home\Controller\IndexController.class.php on line 6 and defined D:\OVERSTUDY\apache\htdocs\thinkphp_3.2.3_full\ThinkPHP\Library\Think\Controller.class.php 第 68 行.
NOTIC: [8] Undefined variable: content D:\OVERSTUDY\apache\htdocs\thinkphp_3.2.3_full\ThinkPHP\Library\Think\Controller.class.php 第 69 行.
INFO: [ view_parse ] --START--
INFO: [ template_filter ] --START--
INFO: Run Behavior\ContentReplaceBehavior [ RunTime:0.000139s ]
INFO: [ template_filter ] --END-- [ RunTime:0.000208s ]
INFO: Run Behavior\ParseTemplateBehavior [ RunTime:0.136820s ]
INFO: [ view_parse ] --END-- [ RunTime:0.136938s ]
INFO: [ view_filter ] --START--
INFO: Run Behavior\WriteHtmlCacheBehavior [ RunTime:0.013741s ]
INFO: [ view_filter ] --END-- [ RunTime:0.013819s ]
INFO: [ app_end ] --START--
INFO: Run Behavior\ShowPageTraceBehavior [ RunTime:0.025996s ]
INFO: [ app_end ] --END-- [ RunTime:0.026060s ]

[ 2017-11-23T15:27:27+08:00 ] 127.0.0.1 /thinkphp_3.2.3_full/
INFO: [ app_init ] --START--
INFO: Run Behavior\BuildLiteBehavior [ RunTime:0.000031s ]
INFO: [ app_init ] --END-- [ RunTime:0.000822s ]
INFO: [ app_begin ] --START--
INFO: Run Behavior\ReadHtmlCacheBehavior [ RunTime:0.000997s ]
INFO: [ app_begin ] --END-- [ RunTime:0.001096s ]
NOTIC: [2] Missing argument 1 for Think\Controller::show(), called in D:\OVERSTUDY\apache\htdocs\thinkphp_3.2.3_full\Application\Home\Controller\IndexController.class.php on line 7 and defined D:\OVERSTUDY\apache\htdocs\thinkphp_3.2.3_full\ThinkPHP\Library\Think\Controller.class.php 第 68 行.
NOTIC: [8] Undefined variable: content D:\OVERSTUDY\apache\htdocs\thinkphp_3.2.3_full\ThinkPHP\Library\Think\Controller.class.php 第 69 行.
INFO: [ view_parse ] --START--
INFO: [ template_filter ] --START--
INFO: Run Behavior\ContentReplaceBehavior [ RunTime:0.000057s ]
INFO: [ template_filter ] --END-- [ RunTime:0.000151s ]
INFO: Run Behavior\ParseTemplateBehavior [ RunTime:0.010292s ]
INFO: [ view_parse ] --END-- [ RunTime:0.010397s ]
INFO: [ view_filter ] --START--
INFO: Run Behavior\WriteHtmlCacheBehavior [ RunTime:0.000444s ]
INFO: [ view_filter ] --END-- [ RunTime:0.000512s ]
INFO: [ app_end ] --START--
INFO: Run Behavior\ShowPageTraceBehavior [ RunTime:0.000842s ]
INFO: [ app_end ] --END-- [ RunTime:0.000920s ]

[ 2017-11-23T17:12:08+08:00 ] 127.0.0.1 /thinkphp_3.2.3_full/
INFO: [ app_init ] --START--
INFO: Run Behavior\BuildLiteBehavior [ RunTime:0.000018s ]
INFO: [ app_init ] --END-- [ RunTime:0.355070s ]
INFO: [ app_begin ] --START--
INFO: Run Behavior\ReadHtmlCacheBehavior [ RunTime:0.039539s ]
INFO: [ app_begin ] --END-- [ RunTime:0.039681s ]
NOTIC: [2] Missing argument 1 for Think\Controller::show(), called in D:\OVERSTUDY\apache\htdocs\thinkphp_3.2.3_full\Application\Home\Controller\IndexController.class.php on line 7 and defined D:\OVERSTUDY\apache\htdocs\thinkphp_3.2.3_full\ThinkPHP\Library\Think\Controller.class.php 第 68 行.
NOTIC: [8] Undefined variable: content D:\OVERSTUDY\apache\htdocs\thinkphp_3.2.3_full\ThinkPHP\Library\Think\Controller.class.php 第 69 行.
INFO: [ view_parse ] --START--
INFO: [ template_filter ] --START--
INFO: Run Behavior\ContentReplaceBehavior [ RunTime:0.000060s ]
INFO: [ template_filter ] --END-- [ RunTime:0.000164s ]
INFO: Run Behavior\ParseTemplateBehavior [ RunTime:0.639417s ]
INFO: [ view_parse ] --END-- [ RunTime:0.639536s ]
INFO: [ view_filter ] --START--
INFO: Run Behavior\WriteHtmlCacheBehavior [ RunTime:0.029535s ]
INFO: [ view_filter ] --END-- [ RunTime:0.029625s ]
INFO: [ app_end ] --START--
INFO: Run Behavior\ShowPageTraceBehavior [ RunTime:0.032673s ]
INFO: [ app_end ] --END-- [ RunTime:0.032766s ]

